d:\hw0-windows\hw0-windows\debug\vc142.pdb
d:\hw0-windows\hw0-windows\debug\vc142.idb
d:\hw0-windows\hw0-windows\debug\shaders.obj
d:\hw0-windows\hw0-windows\debug\mytest3.obj
c:\users\rapha\onedrive\área de trabalho\ucsandiegox\hw0-windows\hw0-windows\debug\vc142.pdb
c:\users\rapha\onedrive\área de trabalho\ucsandiegox\hw0-windows\hw0-windows\debug\vc142.idb
c:\users\rapha\onedrive\área de trabalho\ucsandiegox\hw0-windows\hw0-windows\debug\shaders.obj
c:\users\rapha\onedrive\área de trabalho\ucsandiegox\hw0-windows\hw0-windows\debug\mytest3.obj
d:\hw0-windows\debug\hw0-windows.ilk
d:\hw0-windows\debug\hw0-windows.exe
d:\hw0-windows\debug\hw0-windows.pdb
c:\users\rapha\onedrive\área de trabalho\ucsandiegox\hw0-windows\debug\hw0-windows.exe
c:\users\rapha\onedrive\área de trabalho\ucsandiegox\hw0-windows\debug\hw0-windows.ilk
c:\users\rapha\onedrive\área de trabalho\ucsandiegox\hw0-windows\debug\hw0-windows.pdb
c:\users\rapha\onedrive\área de trabalho\ucsandiegox\hw0-windows\hw0-windows\debug\hw0-windows.tlog\cl.command.1.tlog
c:\users\rapha\onedrive\área de trabalho\ucsandiegox\hw0-windows\hw0-windows\debug\hw0-windows.tlog\cl.read.1.tlog
c:\users\rapha\onedrive\área de trabalho\ucsandiegox\hw0-windows\hw0-windows\debug\hw0-windows.tlog\cl.write.1.tlog
c:\users\rapha\onedrive\área de trabalho\ucsandiegox\hw0-windows\hw0-windows\debug\hw0-windows.tlog\link.command.1.tlog
c:\users\rapha\onedrive\área de trabalho\ucsandiegox\hw0-windows\hw0-windows\debug\hw0-windows.tlog\link.read.1.tlog
c:\users\rapha\onedrive\área de trabalho\ucsandiegox\hw0-windows\hw0-windows\debug\hw0-windows.tlog\link.write.1.tlog
